2023.08.05 13:02:28 INFO  Started: Metals version 1.0.0+20-46905735-SNAPSHOT in folders 'X:\my-learning-notes' for client Visual Studio Code - Insiders 1.82.0-insider.
ago 05, 2023 1:02:28 PM org.flywaydb.core.internal.license.VersionPrinter printVersionOnly
INFORMACIÓN: Flyway Community Edition 9.21.1 by Redgate
ago 05, 2023 1:02:28 PM org.flywaydb.core.internal.license.VersionPrinter printVersion
INFORMACIÓN: See release notes here: https://rd.gt/416ObMi
ago 05, 2023 1:02:28 PM org.flywaydb.core.internal.license.VersionPrinter printVersion
INFORMACIÓN: 
ago 05, 2023 1:02:28 PM org.flywaydb.core.internal.database.base.BaseDatabaseType createDatabase
INFORMACIÓN: Database: jdbc:h2:file:X:\my-learning-notes\.metals\metals (H2 2.1)
ago 05, 2023 1:02:28 PM org.flywaydb.core.internal.schemahistory.JdbcTableSchemaHistory allAppliedMigrations
INFORMACIÓN: Schema history table "PUBLIC"."flyway_schema_history" does not exist yet
ago 05, 2023 1:02:28 PM org.flywaydb.core.internal.command.DbValidate validate
INFORMACIÓN: Successfully validated 4 migrations (execution time 00:00.020s)
ago 05, 2023 1:02:28 PM org.flywaydb.core.internal.schemahistory.JdbcTableSchemaHistory create
INFORMACIÓN: Creating Schema History table "PUBLIC"."flyway_schema_history" ...
ago 05, 2023 1:02:28 PM org.flywaydb.core.internal.command.DbMigrate migrateGroup
INFORMACIÓN: Current version of schema "PUBLIC": << Empty Schema >>
ago 05, 2023 1:02:28 PM org.flywaydb.core.internal.command.DbMigrate doMigrateGroup
INFORMACIÓN: Migrating schema "PUBLIC" to version "1 - Create tables"
ago 05, 2023 1:02:28 PM org.flywaydb.core.internal.command.DbMigrate doMigrateGroup
INFORMACIÓN: Migrating schema "PUBLIC" to version "2 - Server discovery"
ago 05, 2023 1:02:28 PM org.flywaydb.core.internal.command.DbMigrate doMigrateGroup
INFORMACIÓN: Migrating schema "PUBLIC" to version "3 - Jar symbols"
ago 05, 2023 1:02:28 PM org.flywaydb.core.internal.command.DbMigrate doMigrateGroup
INFORMACIÓN: Migrating schema "PUBLIC" to version "4 - Fingerprints"
ago 05, 2023 1:02:28 PM org.flywaydb.core.internal.command.DbMigrate logSummary
INFORMACIÓN: Successfully applied 4 migrations to schema "PUBLIC", now at version v4 (execution time 00:00.013s)
2023.08.05 13:02:28 INFO  time: initialize in 0.55s
2023.08.05 13:02:29 WARN  Build server is not auto-connectable.
2023.08.05 13:02:29 WARN  no build tool detected in workspace 'X:\my-learning-notes'. The most common cause for this problem is that the editor was opened in the wrong working directory, for example if you use sbt then the workspace directory should contain build.sbt. 
ago 06, 2023 1:19:47 AM org.eclipse.lsp4j.jsonrpc.services.GenericEndpoint notify
INFORMACIÓN: Unsupported notification method: $/setTrace
